Starting audit...
[ERROR] C:\Users\krishna sairam\Downloads\sairam\ADS-1\ADS-1-assignments\m12\Assignment-1\Studentdetails.java:44: Line is longer than 80 characters (found 147). [LineLength]
[ERROR] C:\Users\krishna sairam\Downloads\sairam\ADS-1\ADS-1-assignments\m12\Assignment-1\Studentdetails.java:123:32: Parameter that should be final. [FinalParameters]
[ERROR] C:\Users\krishna sairam\Downloads\sairam\ADS-1\ADS-1-assignments\m12\Assignment-1\Studentdetails.java:123:47: Expected @param tag for 'that'. [JavadocMethod]
[ERROR] C:\Users\krishna sairam\Downloads\sairam\ADS-1\ADS-1-assignments\m12\Assignment-1\Studentdetails.java:160:26: Parameter that should be final. [FinalParameters]
[ERROR] C:\Users\krishna sairam\Downloads\sairam\ADS-1\ADS-1-assignments\m12\Assignment-1\Studentdetails.java:205:5: Redundant 'public' modifier. [RedundantModifier]
[ERROR] C:\Users\krishna sairam\Downloads\sairam\ADS-1\ADS-1-assignments\m12\Assignment-1\Studentdetails.java:217: Line is longer than 80 characters (found 103). [LineLength]
[ERROR] C:\Users\krishna sairam\Downloads\sairam\ADS-1\ADS-1-assignments\m12\Assignment-1\Studentdetails.java:234:17: Name 'Sort' must match pattern '^[a-z][a-zA-Z0-9]*$'. [MethodName]
[ERROR] C:\Users\krishna sairam\Downloads\sairam\ADS-1\ADS-1-assignments\m12\Assignment-1\Studentdetails.java:234:22: Parameter array should be final. [FinalParameters]
[ERROR] C:\Users\krishna sairam\Downloads\sairam\ADS-1\ADS-1-assignments\m12\Assignment-1\Studentdetails.java:234:42: Parameter size should be final. [FinalParameters]
[ERROR] C:\Users\krishna sairam\Downloads\sairam\ADS-1\ADS-1-assignments\m12\Assignment-1\Studentdetails.java:249:8: Unused @param tag for 'ind1'. [JavadocMethod]
[ERROR] C:\Users\krishna sairam\Downloads\sairam\ADS-1\ADS-1-assignments\m12\Assignment-1\Studentdetails.java:250:8: Unused @param tag for 'ind2'. [JavadocMethod]
[ERROR] C:\Users\krishna sairam\Downloads\sairam\ADS-1\ADS-1-assignments\m12\Assignment-1\Studentdetails.java:257:25: Parameter arr should be final. [FinalParameters]
[ERROR] C:\Users\krishna sairam\Downloads\sairam\ADS-1\ADS-1-assignments\m12\Assignment-1\Studentdetails.java:257:43: Parameter i should be final. [FinalParameters]
[ERROR] C:\Users\krishna sairam\Downloads\sairam\ADS-1\ADS-1-assignments\m12\Assignment-1\Studentdetails.java:257:47: Expected @param tag for 'i'. [JavadocMethod]
[ERROR] C:\Users\krishna sairam\Downloads\sairam\ADS-1\ADS-1-assignments\m12\Assignment-1\Studentdetails.java:257:50: Parameter j should be final. [FinalParameters]
[ERROR] C:\Users\krishna sairam\Downloads\sairam\ADS-1\ADS-1-assignments\m12\Assignment-1\Studentdetails.java:257:54: Expected @param tag for 'j'. [JavadocMethod]
[ERROR] C:\Users\krishna sairam\Downloads\sairam\ADS-1\ADS-1-assignments\m12\Assignment-1\Studentdetails.java:270:22: Parameter a should be final. [FinalParameters]
[ERROR] C:\Users\krishna sairam\Downloads\sairam\ADS-1\ADS-1-assignments\m12\Assignment-1\Studentdetails.java:270:38: Parameter ind1 should be final. [FinalParameters]
[ERROR] C:\Users\krishna sairam\Downloads\sairam\ADS-1\ADS-1-assignments\m12\Assignment-1\Studentdetails.java:270:48: Parameter ind2 should be final. [FinalParameters]
[ERROR] C:\Users\krishna sairam\Downloads\sairam\ADS-1\ADS-1-assignments\m12\Assignment-1\Studentdetails.java:281: Unused Javadoc tag. [JavadocMethod]
[ERROR] C:\Users\krishna sairam\Downloads\sairam\ADS-1\ADS-1-assignments\m12\Assignment-1\Studentdetails.java:286:23: Parameter array should be final. [FinalParameters]
[ERROR] C:\Users\krishna sairam\Downloads\sairam\ADS-1\ADS-1-assignments\m12\Assignment-1\Studentdetails.java:286:43: Parameter size should be final. [FinalParameters]
[ERROR] C:\Users\krishna sairam\Downloads\sairam\ADS-1\ADS-1-assignments\m12\Assignment-1\Studentdetails.java:292:5: Missing a Javadoc comment. [JavadocMethod]
[ERROR] C:\Users\krishna sairam\Downloads\sairam\ADS-1\ADS-1-assignments\m12\Assignment-1\Studentdetails.java:292:23: Parameter array should be final. [FinalParameters]
[ERROR] C:\Users\krishna sairam\Downloads\sairam\ADS-1\ADS-1-assignments\m12\Assignment-1\Studentdetails.java:292:47: Parameter size should be final. [FinalParameters]
Audit done.
Checkstyle ends with 25 errors.
