Starting audit...
[ERROR] C:\Users\krishna sairam\Downloads\sairam\ADS-1\ADS-1-assignments\m24\2\Studentdetails.java:17:8: Unused @param tag for 'marks1'. [JavadocMethod]
[ERROR] C:\Users\krishna sairam\Downloads\sairam\ADS-1\ADS-1-assignments\m24\2\Studentdetails.java:19:50: Expected @param tag for 'roll1'. [JavadocMethod]
Audit done.
Checkstyle ends with 2 errors.
