Starting audit...
[ERROR] C:\Users\krishna sairam\Downloads\sairam\ADS-1\ADS-1-assignments\m24\1\Studentdetails.java:16:8: Unused @param tag for 'name'. [JavadocMethod]
[ERROR] C:\Users\krishna sairam\Downloads\sairam\ADS-1\ADS-1-assignments\m24\1\Studentdetails.java:17:8: Unused @param tag for 'marks'. [JavadocMethod]
[ERROR] C:\Users\krishna sairam\Downloads\sairam\ADS-1\ADS-1-assignments\m24\1\Studentdetails.java:19:33: Expected @param tag for 'name1'. [JavadocMethod]
[ERROR] C:\Users\krishna sairam\Downloads\sairam\ADS-1\ADS-1-assignments\m24\1\Studentdetails.java:19:53: Expected @param tag for 'marks1'. [JavadocMethod]
Audit done.
Checkstyle ends with 4 errors.
